生成启动时间为 2020/3/11 16:56:52。
     1>项目“E:\program\c++\streamSlice\streamSlice\streamSlice.vcxproj”在节点 2 上(Build 个目标)。
     1>ClCompile:
         E:\vs2013\VC\bin\x86_amd64\CL.exe /c /Zi /nologo /W3 /WX- /sdl /O2 /Oi /GL /D _MBCS /Gm- /EHsc /MD /GS /Gy /fp:precise /Zc:wchar_t /Zc:forScope /Fo"x64\Release\\" /Fd"x64\Release\vc120.pdb" /Gd /TP /errorReport:prompt main.cpp
         main.cpp
     1>E:\opencv\3.1.0\windows\include\opencv2/core/mat.hpp(1965): warning C4819: 该文件包含不能在当前代码页(936)中表示的字符。请将该文件保存为 Unicode 格式以防止数据丢失
     1>E:\opencv\3.1.0\windows\include\opencv2/core/persistence.hpp : warning C4819: 该文件包含不能在当前代码页(936)中表示的字符。请将该文件保存为 Unicode 格式以防止数据丢失
     1>E:\opencv\3.1.0\windows\include\opencv2/core/utility.hpp : warning C4819: 该文件包含不能在当前代码页(936)中表示的字符。请将该文件保存为 Unicode 格式以防止数据丢失
     1>e:\program\c++\streamslice\streamslice\streamSlice.hpp(26): warning C4244: “=”: 从“float”转换到“int”，可能丢失数据
     1>e:\program\c++\streamslice\streamslice\streamSlice.hpp(35): warning C4244: “=”: 从“float”转换到“int”，可能丢失数据
     1>e:\program\c++\streamslice\streamslice\streamSlice.hpp(57): warning C4267: “初始化”: 从“size_t”转换到“int”，可能丢失数据
     1>e:\program\c++\streamslice\streamslice\streamSlice.hpp(70): warning C4244: “参数”: 从“float”转换到“int”，可能丢失数据
     1>e:\program\c++\streamslice\streamslice\streamSlice.hpp(71): warning C4244: “参数”: 从“float”转换到“int”，可能丢失数据
     1>e:\program\c++\streamslice\streamslice\streamSlice.hpp(99): warning C4244: “初始化”: 从“const double”转换到“float”，可能丢失数据
     1>e:\program\c++\streamslice\streamslice\streamSlice.hpp(104): warning C4244: “初始化”: 从“float”转换到“int”，可能丢失数据
     1>e:\program\c++\streamslice\streamslice\streamSlice.hpp(108): warning C4244: “初始化”: 从“float”转换到“int”，可能丢失数据
     1>e:\program\c++\streamslice\streamslice\streamSlice.hpp(117): warning C4244: “=”: 从“double”转换到“float”，可能丢失数据
     1>e:\program\c++\streamslice\streamslice\streamSlice.hpp(118): warning C4244: “=”: 从“double”转换到“float”，可能丢失数据
     1>e:\program\c++\streamslice\streamslice\streamSlice.hpp(119): warning C4244: “=”: 从“double”转换到“float”，可能丢失数据
     1>e:\program\c++\streamslice\streamslice\streamSlice.hpp(120): warning C4244: “=”: 从“double”转换到“float”，可能丢失数据
     1>e:\program\c++\streamslice\streamslice\streamSlice.hpp(129): warning C4244: “初始化”: 从“double”转换到“float”，可能丢失数据
     1>e:\program\c++\streamslice\streamslice\streamSlice.hpp(130): warning C4244: “初始化”: 从“double”转换到“float”，可能丢失数据
     1>e:\program\c++\streamslice\streamslice\streamSlice.hpp(131): warning C4244: “初始化”: 从“double”转换到“float”，可能丢失数据
     1>e:\program\c++\streamslice\streamslice\streamSlice.hpp(132): warning C4244: “初始化”: 从“double”转换到“float”，可能丢失数据
     1>e:\program\c++\streamslice\streamslice\streamSlice.hpp(150): warning C4244: “=”: 从“double”转换到“float”，可能丢失数据
     1>e:\program\c++\streamslice\streamslice\streamSlice.hpp(151): warning C4244: “=”: 从“double”转换到“float”，可能丢失数据
     1>e:\program\c++\streamslice\streamslice\streamSlice.hpp(163): warning C4244: “初始化”: 从“double”转换到“float”，可能丢失数据
     1>e:\program\c++\streamslice\streamslice\streamSlice.hpp(164): warning C4244: “初始化”: 从“double”转换到“float”，可能丢失数据
     1>e:\program\c++\streamslice\streamslice\streamSlice.hpp(201): warning C4244: “=”: 从“float”转换到“int”，可能丢失数据
     1>e:\program\c++\streamslice\streamslice\streamSlice.hpp(202): warning C4244: “=”: 从“float”转换到“int”，可能丢失数据
     1>e:\program\c++\streamslice\streamslice\streamSlice.hpp(206): warning C4244: “=”: 从“float”转换到“int”，可能丢失数据
     1>e:\program\c++\streamslice\streamslice\streamSlice.hpp(207): warning C4244: “=”: 从“float”转换到“int”，可能丢失数据
     1>e:\program\c++\streamslice\streamslice\streamSlice.hpp(225): warning C4244: “=”: 从“float”转换到“int”，可能丢失数据
     1>e:\program\c++\streamslice\streamslice\streamSlice.hpp(226): warning C4244: “=”: 从“float”转换到“int”，可能丢失数据
     1>e:\program\c++\streamslice\streamslice\streamSlice.hpp(271): warning C4244: “=”: 从“float”转换到“int”，可能丢失数据
     1>e:\program\c++\streamslice\streamslice\streamSlice.hpp(272): warning C4244: “=”: 从“float”转换到“int”，可能丢失数据
     1>e:\program\c++\streamslice\streamslice\streamSlice.hpp(276): warning C4244: “=”: 从“float”转换到“int”，可能丢失数据
     1>e:\program\c++\streamslice\streamslice\streamSlice.hpp(277): warning C4244: “=”: 从“float”转换到“int”，可能丢失数据
     1>e:\program\c++\streamslice\streamslice\streamSlice.hpp(295): warning C4244: “=”: 从“float”转换到“int”，可能丢失数据
     1>e:\program\c++\streamslice\streamslice\streamSlice.hpp(296): warning C4244: “=”: 从“float”转换到“int”，可能丢失数据
     1>e:\program\c++\streamslice\streamslice\streamSlice.hpp(350): warning C4244: “参数”: 从“float”转换到“int”，可能丢失数据
     1>main.cpp(15): warning C4244: “=”: 从“int”转换到“float”，可能丢失数据
     1>main.cpp(16): warning C4244: “=”: 从“int”转换到“float”，可能丢失数据
     1>main.cpp(17): warning C4244: “=”: 从“int”转换到“float”，可能丢失数据
     1>main.cpp(18): warning C4244: “=”: 从“int”转换到“float”，可能丢失数据
       Link:
         E:\vs2013\VC\bin\x86_amd64\link.exe /ERRORREPORT:PROMPT /OUT:"E:\program\c++\streamSlice\x64\Release\streamSlice.exe" /NOLOGO opencv_world310.lib kernel32.lib user32.lib gdi32.lib winspool.lib comdlg32.lib advapi32.lib shell32.lib ole32.lib oleaut32.lib uuid.lib odbc32.lib odbccp32.lib /MANIFEST /MANIFESTUAC:"level='asInvoker' uiAccess='false'" /manifest:embed /DEBUG /PDB:"E:\program\c++\streamSlice\x64\Release\streamSlice.pdb" /OPT:REF /OPT:ICF /LTCG /TLBID:1 /DYNAMICBASE /NXCOMPAT /IMPLIB:"E:\program\c++\streamSlice\x64\Release\streamSlice.lib" /MACHINE:X64 x64\Release\main.obj
         正在生成代码
         已完成代码的生成
         streamSlice.vcxproj -> E:\program\c++\streamSlice\x64\Release\streamSlice.exe
     1>已完成生成项目“E:\program\c++\streamSlice\streamSlice\streamSlice.vcxproj”(Build 个目标)的操作。

生成成功。

已用时间 00:00:03.88
