生成启动时间为 2020/3/12 15:21:20。
     1>项目“E:\program\c++\streamSlice\streamSlice\streamSlice.vcxproj”在节点 2 上(Build 个目标)。
     1>ClCompile:
         E:\vs2013\VC\bin\x86_amd64\CL.exe /c /Zi /nologo /W3 /WX- /sdl /Od /D _MBCS /Gm /EHsc /RTC1 /MDd /GS /fp:precise /Zc:wchar_t /Zc:forScope /Fo"x64\Debug\\" /Fd"x64\Debug\vc120.pdb" /Gd /TP /errorReport:prompt main.cpp
         main.cpp
     1>E:\opencv\3.1.0\windows\include\opencv2/core/mat.hpp(1965): warning C4819: 该文件包含不能在当前代码页(936)中表示的字符。请将该文件保存为 Unicode 格式以防止数据丢失
     1>E:\opencv\3.1.0\windows\include\opencv2/core/persistence.hpp : warning C4819: 该文件包含不能在当前代码页(936)中表示的字符。请将该文件保存为 Unicode 格式以防止数据丢失
     1>E:\opencv\3.1.0\windows\include\opencv2/core/utility.hpp : warning C4819: 该文件包含不能在当前代码页(936)中表示的字符。请将该文件保存为 Unicode 格式以防止数据丢失
     1>e:\program\c++\streamslice\streamslice\streamSlice.hpp(27): warning C4244: “=”: 从“float”转换到“int”，可能丢失数据
     1>e:\program\c++\streamslice\streamslice\streamSlice.hpp(36): warning C4244: “=”: 从“float”转换到“int”，可能丢失数据
     1>e:\program\c++\streamslice\streamslice\streamSlice.hpp(47): warning C4244: “=”: 从“int”转换到“float”，可能丢失数据
     1>e:\program\c++\streamslice\streamslice\streamSlice.hpp(47): warning C4244: “=”: 从“float”转换到“int”，可能丢失数据
     1>e:\program\c++\streamslice\streamslice\streamSlice.hpp(49): warning C4244: “=”: 从“int”转换到“float”，可能丢失数据
     1>e:\program\c++\streamslice\streamslice\streamSlice.hpp(50): warning C4244: “=”: 从“float”转换到“int”，可能丢失数据
     1>e:\program\c++\streamslice\streamslice\streamSlice.hpp(64): warning C4244: “=”: 从“int”转换到“float”，可能丢失数据
     1>e:\program\c++\streamslice\streamslice\streamSlice.hpp(65): warning C4244: “=”: 从“int”转换到“float”，可能丢失数据
     1>e:\program\c++\streamslice\streamslice\streamSlice.hpp(66): warning C4244: “=”: 从“int”转换到“float”，可能丢失数据
     1>e:\program\c++\streamslice\streamslice\streamSlice.hpp(67): warning C4244: “=”: 从“int”转换到“float”，可能丢失数据
     1>e:\program\c++\streamslice\streamslice\streamSlice.hpp(73): warning C4267: “初始化”: 从“size_t”转换到“int”，可能丢失数据
     1>e:\program\c++\streamslice\streamslice\streamSlice.hpp(126): warning C4244: “初始化”: 从“const double”转换到“float”，可能丢失数据
     1>e:\program\c++\streamslice\streamslice\streamSlice.hpp(131): warning C4244: “初始化”: 从“float”转换到“int”，可能丢失数据
     1>e:\program\c++\streamslice\streamslice\streamSlice.hpp(135): warning C4244: “初始化”: 从“float”转换到“int”，可能丢失数据
     1>e:\program\c++\streamslice\streamslice\streamSlice.hpp(144): warning C4244: “=”: 从“double”转换到“float”，可能丢失数据
     1>e:\program\c++\streamslice\streamslice\streamSlice.hpp(145): warning C4244: “=”: 从“double”转换到“float”，可能丢失数据
     1>e:\program\c++\streamslice\streamslice\streamSlice.hpp(146): warning C4244: “=”: 从“double”转换到“float”，可能丢失数据
     1>e:\program\c++\streamslice\streamslice\streamSlice.hpp(147): warning C4244: “=”: 从“double”转换到“float”，可能丢失数据
     1>e:\program\c++\streamslice\streamslice\streamSlice.hpp(156): warning C4244: “初始化”: 从“double”转换到“float”，可能丢失数据
     1>e:\program\c++\streamslice\streamslice\streamSlice.hpp(157): warning C4244: “初始化”: 从“double”转换到“float”，可能丢失数据
     1>e:\program\c++\streamslice\streamslice\streamSlice.hpp(158): warning C4244: “初始化”: 从“double”转换到“float”，可能丢失数据
     1>e:\program\c++\streamslice\streamslice\streamSlice.hpp(159): warning C4244: “初始化”: 从“double”转换到“float”，可能丢失数据
     1>e:\program\c++\streamslice\streamslice\streamSlice.hpp(182): warning C4244: “=”: 从“double”转换到“float”，可能丢失数据
     1>e:\program\c++\streamslice\streamslice\streamSlice.hpp(183): warning C4244: “=”: 从“double”转换到“float”，可能丢失数据
     1>e:\program\c++\streamslice\streamslice\streamSlice.hpp(199): warning C4244: “初始化”: 从“double”转换到“float”，可能丢失数据
     1>e:\program\c++\streamslice\streamslice\streamSlice.hpp(200): warning C4244: “初始化”: 从“double”转换到“float”，可能丢失数据
     1>e:\program\c++\streamslice\streamslice\streamSlice.hpp(240): warning C4244: “=”: 从“float”转换到“int”，可能丢失数据
     1>e:\program\c++\streamslice\streamslice\streamSlice.hpp(241): warning C4244: “=”: 从“float”转换到“int”，可能丢失数据
     1>e:\program\c++\streamslice\streamslice\streamSlice.hpp(247): warning C4244: “=”: 从“float”转换到“int”，可能丢失数据
     1>e:\program\c++\streamslice\streamslice\streamSlice.hpp(248): warning C4244: “=”: 从“float”转换到“int”，可能丢失数据
     1>e:\program\c++\streamslice\streamslice\streamSlice.hpp(267): warning C4244: “=”: 从“float”转换到“int”，可能丢失数据
     1>e:\program\c++\streamslice\streamslice\streamSlice.hpp(268): warning C4244: “=”: 从“float”转换到“int”，可能丢失数据
     1>e:\program\c++\streamslice\streamslice\streamSlice.hpp(278): warning C4244: “=”: 从“double”转换到“float”，可能丢失数据
     1>e:\program\c++\streamslice\streamslice\streamSlice.hpp(318): warning C4244: “=”: 从“float”转换到“int”，可能丢失数据
     1>e:\program\c++\streamslice\streamslice\streamSlice.hpp(319): warning C4244: “=”: 从“float”转换到“int”，可能丢失数据
     1>e:\program\c++\streamslice\streamslice\streamSlice.hpp(325): warning C4244: “=”: 从“float”转换到“int”，可能丢失数据
     1>e:\program\c++\streamslice\streamslice\streamSlice.hpp(326): warning C4244: “=”: 从“float”转换到“int”，可能丢失数据
     1>e:\program\c++\streamslice\streamslice\streamSlice.hpp(345): warning C4244: “=”: 从“float”转换到“int”，可能丢失数据
     1>e:\program\c++\streamslice\streamslice\streamSlice.hpp(346): warning C4244: “=”: 从“float”转换到“int”，可能丢失数据
     1>e:\program\c++\streamslice\streamslice\streamSlice.hpp(358): warning C4244: “=”: 从“double”转换到“float”，可能丢失数据
     1>e:\program\c++\streamslice\streamslice\streamSlice.hpp(408): warning C4244: “参数”: 从“float”转换到“int”，可能丢失数据
     1>main.cpp(15): warning C4244: “=”: 从“int”转换到“float”，可能丢失数据
     1>main.cpp(16): warning C4244: “=”: 从“int”转换到“float”，可能丢失数据
     1>main.cpp(17): warning C4244: “=”: 从“double”转换到“float”，可能丢失数据
     1>main.cpp(18): warning C4244: “=”: 从“double”转换到“float”，可能丢失数据
       Link:
         E:\vs2013\VC\bin\x86_amd64\link.exe /ERRORREPORT:PROMPT /OUT:"E:\program\c++\streamSlice\x64\Debug\streamSlice.exe" /INCREMENTAL /NOLOGO opencv_world310d.lib kernel32.lib user32.lib gdi32.lib winspool.lib comdlg32.lib advapi32.lib shell32.lib ole32.lib oleaut32.lib uuid.lib odbc32.lib odbccp32.lib /MANIFEST /MANIFESTUAC:"level='asInvoker' uiAccess='false'" /manifest:embed /DEBUG /PDB:"E:\program\c++\streamSlice\x64\Debug\streamSlice.pdb" /TLBID:1 /DYNAMICBASE /NXCOMPAT /IMPLIB:"E:\program\c++\streamSlice\x64\Debug\streamSlice.lib" /MACHINE:X64 x64\Debug\main.obj
         streamSlice.vcxproj -> E:\program\c++\streamSlice\x64\Debug\streamSlice.exe
     1>已完成生成项目“E:\program\c++\streamSlice\streamSlice\streamSlice.vcxproj”(Build 个目标)的操作。

生成成功。

已用时间 00:00:03.80
